This is pdfTeX, Version 3.1415926-1.40.10 (TeX Live 2009/Debian) (format=pdflatex 2011.10.26)  9 NOV 2011 14:03
entering extended mode
 %&-line parsing enabled.
**ResearchAndPlanning.tex
(./ResearchAndPlanning.tex
LaTeX2e <2009/09/24>
Babel <v3.8l> and hyphenation patterns for english, usenglishmax, dumylang, noh
yphenation, loaded.
(/usr/share/texmf-texlive/tex/latex/base/report.cls
Document Class: report 2007/10/19 v1.4h Standard LaTeX document class
(/usr/share/texmf-texlive/tex/latex/base/size10.clo
File: size10.clo 2007/10/19 v1.4h Standard LaTeX file (size option)
)
\c@part=\count79
\c@chapter=\count80
\c@section=\count81
\c@subsection=\count82
\c@subsubsection=\count83
\c@paragraph=\count84
\c@subparagraph=\count85
\c@figure=\count86
\c@table=\count87
\abovecaptionskip=\skip41
\belowcaptionskip=\skip42
\bibindent=\dimen102
)
(./ResearchAndPlanning.aux)
\openout1 = `ResearchAndPlanning.aux'.

LaTeX Font Info:    Checking defaults for OML/cmm/m/it on input line 3.
LaTeX Font Info:    ... okay on input line 3.
LaTeX Font Info:    Checking defaults for T1/cmr/m/n on input line 3.
LaTeX Font Info:    ... okay on input line 3.
LaTeX Font Info:    Checking defaults for OT1/cmr/m/n on input line 3.
LaTeX Font Info:    ... okay on input line 3.
LaTeX Font Info:    Checking defaults for OMS/cmsy/m/n on input line 3.
LaTeX Font Info:    ... okay on input line 3.
LaTeX Font Info:    Checking defaults for OMX/cmex/m/n on input line 3.
LaTeX Font Info:    ... okay on input line 3.
LaTeX Font Info:    Checking defaults for U/cmr/m/n on input line 3.
LaTeX Font Info:    ... okay on input line 3.
LaTeX Font Info:    External font `cmex10' loaded for size
(Font)              <12> on input line 8.
LaTeX Font Info:    External font `cmex10' loaded for size
(Font)              <8> on input line 8.
LaTeX Font Info:    External font `cmex10' loaded for size
(Font)              <6> on input line 8.
 [1

{/var/lib/texmf/fonts/map/pdftex/updmap/pdftex.map}] [1]
Chapter 1.
[1

] [2]
LaTeX Font Info:    Try loading font information for OMS+cmr on input line 32.
 (/usr/share/texmf-texlive/tex/latex/base/omscmr.fd
File: omscmr.fd 1999/05/25 v2.5h Standard LaTeX font definitions
)
LaTeX Font Info:    Font shape `OMS/cmr/m/n' in size <10> not available
(Font)              Font shape `OMS/cmsy/m/n' tried instead on input line 32.
 [3] [4] [5]
LaTeX Font Info:    External font `cmex10' loaded for size
(Font)              <7> on input line 67.
LaTeX Font Info:    External font `cmex10' loaded for size
(Font)              <5> on input line 67.

[6] [7]
Chapter 2.

Overfull \hbox (3.50063pt too wide) in paragraph at lines 87--88
[]\OT1/cmr/m/n/10 Compare lan-guages that could be used in the im-ple-men-ta-ti
on of the project. 
 []

[8

]
Missing character: There is no ‚ in font cmr10!
Missing character: There is no Ä in font cmr10!
Missing character: There is no ô in font cmr10!
 [9] [10] [11] [12]
Chapter 3.
[13

] [14] (./ResearchAndPlanning.bbl [15]
Missing character: There is no √ in font cmr10!
Missing character: There is no © in font cmr10!
Missing character: There is no ≈ in font cmr10!
Missing character: There is no ° in font cmr10!
Missing character: There is no ƒ in font cmr10!
Missing character: There is no á in font cmr10!
Missing character: There is no ƒ in font cmr10!
Missing character: There is no ç in font cmr10!
Missing character: There is no ƒ in font cmr10!
Missing character: There is no á in font cmr10!
Missing character: There is no ≈ in font cmr10!
Missing character: There is no ° in font cmr10!
Missing character: There is no ƒ in font cmr10!
Missing character: There is no á in font cmr10!
Missing character: There is no ‚ in font cmr10!
Missing character: There is no Ä in font cmr10!
Missing character: There is no ì in font cmr10!
) [16

] (./ResearchAndPlanning.aux) ) 
Here is how much of TeX's memory you used:
 287 strings out of 495061
 3327 string characters out of 1182620
 54386 words of memory out of 3000000
 3532 multiletter control sequences out of 15000+50000
 9453 words of font info for 33 fonts, out of 3000000 for 9000
 28 hyphenation exceptions out of 8191
 23i,7n,19p,2507b,229s stack positions out of 5000i,500n,10000p,200000b,50000s
</usr/share/texmf-texlive/fonts/type1/public/ams
fonts/cm/cmbx10.pfb></usr/share/texmf-texlive/fonts/type1/public/amsfonts/cm/cm
bx12.pfb></usr/share/texmf-texlive/fonts/type1/public/amsfonts/cm/cmr10.pfb></u
sr/share/texmf-texlive/fonts/type1/public/amsfonts/cm/cmr12.pfb></usr/share/tex
mf-texlive/fonts/type1/public/amsfonts/cm/cmr17.pfb></usr/share/texmf-texlive/f
onts/type1/public/amsfonts/cm/cmsy10.pfb></usr/share/texmf-texlive/fonts/type1/
public/amsfonts/cm/cmti10.pfb>
Output written on ResearchAndPlanning.pdf (18 pages, 141489 bytes).
PDF statistics:
 88 PDF objects out of 1000 (max. 8388607)
 0 named destinations out of 1000 (max. 500000)
 1 words of extra memory for PDF output out of 10000 (max. 10000000)

