This is pdfTeX, Version 3.1415926-1.40.10 (TeX Live 2009/Debian) (format=pdflatex 2011.10.26)  8 NOV 2011 15:25
entering extended mode
 %&-line parsing enabled.
**"Research and Planning.tex"
(./Research and Planning.tex
LaTeX2e <2009/09/24>
Babel <v3.8l> and hyphenation patterns for english, usenglishmax, dumylang, noh
yphenation, loaded.
(/usr/share/texmf-texlive/tex/latex/base/report.cls
Document Class: report 2007/10/19 v1.4h Standard LaTeX document class
(/usr/share/texmf-texlive/tex/latex/base/size10.clo
File: size10.clo 2007/10/19 v1.4h Standard LaTeX file (size option)
)
\c@part=\count79
\c@chapter=\count80
\c@section=\count81
\c@subsection=\count82
\c@subsubsection=\count83
\c@paragraph=\count84
\c@subparagraph=\count85
\c@figure=\count86
\c@table=\count87
\abovecaptionskip=\skip41
\belowcaptionskip=\skip42
\bibindent=\dimen102
)
(./Research and Planning.aux)
\openout1 = `"Research and Planning.aux"'.

LaTeX Font Info:    Checking defaults for OML/cmm/m/it on input line 3.
LaTeX Font Info:    ... okay on input line 3.
LaTeX Font Info:    Checking defaults for T1/cmr/m/n on input line 3.
LaTeX Font Info:    ... okay on input line 3.
LaTeX Font Info:    Checking defaults for OT1/cmr/m/n on input line 3.
LaTeX Font Info:    ... okay on input line 3.
LaTeX Font Info:    Checking defaults for OMS/cmsy/m/n on input line 3.
LaTeX Font Info:    ... okay on input line 3.
LaTeX Font Info:    Checking defaults for OMX/cmex/m/n on input line 3.
LaTeX Font Info:    ... okay on input line 3.
LaTeX Font Info:    Checking defaults for U/cmr/m/n on input line 3.
LaTeX Font Info:    ... okay on input line 3.
 [1

{/var/lib/texmf/fonts/map/pdftex/updmap/pdftex.map}]
Chapter 1.
[1

] [2] [3] [4]
LaTeX Font Info:    External font `cmex10' loaded for size
(Font)              <7> on input line 50.
LaTeX Font Info:    External font `cmex10' loaded for size
(Font)              <5> on input line 50.
 [5] [6]
Chapter 2.

LaTeX Warning: Citation `Curriculum2008' on page 7 undefined on input line 63.

LaTeX Font Info:    Try loading font information for OMS+cmr on input line 68.
(/usr/share/texmf-texlive/tex/latex/base/omscmr.fd
File: omscmr.fd 1999/05/25 v2.5h Standard LaTeX font definitions
)
LaTeX Font Info:    Font shape `OMS/cmr/m/n' in size <10> not available
(Font)              Font shape `OMS/cmsy/m/n' tried instead on input line 68.

Overfull \hbox (3.50063pt too wide) in paragraph at lines 69--70
[]\OT1/cmr/m/n/10 Compare lan-guages that could be used in the im-ple-men-ta-ti
on of the project. 
 []

[7

]

LaTeX Warning: Citation `Vujosevic2008' on page 8 undefined on input line 77.

Missing character: There is no â in font cmr10!
Missing character: There is no € in font cmr10!
Missing character: There is no ™ in font cmr10!

LaTeX Warning: Citation `Vujosevic2008' on page 8 undefined on input line 79.


LaTeX Warning: Citation `Backus1978' on page 8 undefined on input line 79.


LaTeX Warning: Citation `Taivalsaari1993' on page 8 undefined on input line 84.


[8]

LaTeX Warning: Citation `Amdahl1967' on page 9 undefined on input line 117.

[9]

LaTeX Warning: Citation `Amdahl1967' on page 10 undefined on input line 122.


LaTeX Warning: Citation `Skiena2010' on page 10 undefined on input line 130.

[10]
Chapter 3.
(./Research and Planning.bbl) [11

] [12] (./Research and Planning.aux)

LaTeX Warning: There were undefined references.

 ) 
Here is how much of TeX's memory you used:
 263 strings out of 495061
 3077 string characters out of 1182620
 55386 words of memory out of 3000000
 3516 multiletter control sequences out of 15000+50000
 6071 words of font info for 22 fonts, out of 3000000 for 9000
 28 hyphenation exceptions out of 8191
 23i,6n,19p,2480b,173s stack positions out of 5000i,500n,10000p,200000b,50000s
</usr/share/texmf-texlive/fonts/type1/public/amsfonts/cm/cmbx10.pfb></usr/sha
re/texmf-texlive/fonts/type1/public/amsfonts/cm/cmbx12.pfb></usr/share/texmf-te
xlive/fonts/type1/public/amsfonts/cm/cmr10.pfb></usr/share/texmf-texlive/fonts/
type1/public/amsfonts/cm/cmsy10.pfb>
Output written on "Research and Planning.pdf" (13 pages, 89923 bytes).
PDF statistics:
 61 PDF objects out of 1000 (max. 8388607)
 0 named destinations out of 1000 (max. 500000)
 1 words of extra memory for PDF output out of 10000 (max. 10000000)

